Determining if the pthread_create exist failed with the following output:
Change Dir: /home/selfdriving/PCstream/img/selfdriving/selfdriving/build/CMakeFiles/CMakeTmp

Run Build Command:"/usr/bin/make" "cmTC_2147e/fast"
/usr/bin/make -f CMakeFiles/cmTC_2147e.dir/build.make CMakeFiles/cmTC_2147e.dir/build
make[1]: Entering directory '/home/selfdriving/PCstream/img/selfdriving/selfdriving/build/CMakeFiles/CMakeTmp'
Building C object CMakeFiles/cmTC_2147e.dir/CheckSymbolExists.c.o
/usr/bin/cc    -o CMakeFiles/cmTC_2147e.dir/CheckSymbolExists.c.o   -c /home/selfdriving/PCstream/img/selfdriving/selfdriving/build/CMakeFiles/CMakeTmp/CheckSymbolExists.c
Linking C executable cmTC_2147e
/usr/bin/cmake -E cmake_link_script CMakeFiles/cmTC_2147e.dir/link.txt --verbose=1
/usr/bin/cc      -rdynamic CMakeFiles/cmTC_2147e.dir/CheckSymbolExists.c.o  -o cmTC_2147e 
CMakeFiles/cmTC_2147e.dir/CheckSymbolExists.c.o: In function `main':
CheckSymbolExists.c:(.text+0x14): undefined reference to `pthread_create'
CheckSymbolExists.c:(.text+0x18): undefined reference to `pthread_create'
collect2: error: ld returned 1 exit status
CMakeFiles/cmTC_2147e.dir/build.make:97: recipe for target 'cmTC_2147e' failed
make[1]: *** [cmTC_2147e] Error 1
make[1]: Leaving directory '/home/selfdriving/PCstream/img/selfdriving/selfdriving/build/CMakeFiles/CMakeTmp'
Makefile:126: recipe for target 'cmTC_2147e/fast' failed
make: *** [cmTC_2147e/fast] Error 2

File /home/selfdriving/PCstream/img/selfdriving/selfdriving/build/CMakeFiles/CMakeTmp/CheckSymbolExists.c:
/* */
#include <pthread.h>

int main(int argc, char** argv)
{
  (void)argv;
#ifndef pthread_create
  return ((int*)(&pthread_create))[argc];
#else
  (void)argc;
  return 0;
#endif
}

Determining if the function pthread_create exists in the pthreads failed with the following output:
Change Dir: /home/selfdriving/PCstream/img/selfdriving/selfdriving/build/CMakeFiles/CMakeTmp

Run Build Command:"/usr/bin/make" "cmTC_842c1/fast"
/usr/bin/make -f CMakeFiles/cmTC_842c1.dir/build.make CMakeFiles/cmTC_842c1.dir/build
make[1]: Entering directory '/home/selfdriving/PCstream/img/selfdriving/selfdriving/build/CMakeFiles/CMakeTmp'
Building C object CMakeFiles/cmTC_842c1.dir/CheckFunctionExists.c.o
/usr/bin/cc   -DCHECK_FUNCTION_EXISTS=pthread_create   -o CMakeFiles/cmTC_842c1.dir/CheckFunctionExists.c.o   -c /usr/share/cmake-3.10/Modules/CheckFunctionExists.c
Linking C executable cmTC_842c1
/usr/bin/cmake -E cmake_link_script CMakeFiles/cmTC_842c1.dir/link.txt --verbose=1
/usr/bin/cc  -DCHECK_FUNCTION_EXISTS=pthread_create    -rdynamic CMakeFiles/cmTC_842c1.dir/CheckFunctionExists.c.o  -o cmTC_842c1 -lpthreads 
/usr/bin/ld: cannot find -lpthreads
collect2: error: ld returned 1 exit status
CMakeFiles/cmTC_842c1.dir/build.make:97: recipe for target 'cmTC_842c1' failed
make[1]: *** [cmTC_842c1] Error 1
make[1]: Leaving directory '/home/selfdriving/PCstream/img/selfdriving/selfdriving/build/CMakeFiles/CMakeTmp'
Makefile:126: recipe for target 'cmTC_842c1/fast' failed
make: *** [cmTC_842c1/fast] Error 2


